<?xml version="1.0" encoding="UTF-8"?>
<!-- Generated by org.testng.reporters.JUnitReportReporter -->
<testsuite hostname="DESKTOP-73SBSAA" failures="0" tests="1" name="pages.HomePageTest" time="21.600" errors="0" timestamp="2023-09-19T11:46:39 EDT" skipped="0">
  <testcase classname="pages.HomePageTest" name="test" time="21.600"/>
  <system-out/>
</testsuite> <!-- pages.HomePageTest -->
